Random Forest
Fitting 3 folds for each of 64 candidates, totalling 192 fits
[CV 1/3; 1/64] START bootstrap=True, max_depth=2, max_features=auto, min_samples_leaf=1, min_samples_split=2, n_estimators=48
[CV 2/3; 1/64] START bootstrap=True, max_depth=2, max_features=auto, min_samples_leaf=1, min_samples_split=2, n_estimators=48
[CV 3/3; 1/64] START bootstrap=True, max_depth=2, max_features=auto, min_samples_leaf=1, min_samples_split=2, n_estimators=48
[CV 1/3; 2/64] START bootstrap=True, max_depth=2, max_features=auto, min_samples_leaf=1, min_samples_split=2, n_estimators=80
[CV 2/3; 2/64] START bootstrap=True, max_depth=2, max_features=auto, min_samples_leaf=1, min_samples_split=2, n_estimators=80
[CV 3/3; 2/64] START bootstrap=True, max_depth=2, max_features=auto, min_samples_leaf=1, min_samples_split=2, n_estimators=80
[CV 1/3; 3/64] START bootstrap=True, max_depth=2, max_features=auto, min_samples_leaf=1, min_samples_split=5, n_estimators=48
[CV 2/3; 3/64] START bootstrap=True, max_depth=2, max_features=auto, min_samples_leaf=1, min_samples_split=5, n_estimators=48
[CV 2/3; 4/64] START bootstrap=True, max_depth=2, max_features=auto, min_samples_leaf=1, min_samples_split=5, n_estimators=80      
[CV 3/3; 3/64] START bootstrap=True, max_depth=2, max_features=auto, min_samples_leaf=1, min_samples_split=5, n_estimators=48
[CV 1/3; 4/64] START bootstrap=True, max_depth=2, max_features=auto, min_samples_leaf=1, min_samples_split=5, n_estimators=80
[CV 1/3; 5/64] START bootstrap=True, max_depth=2, max_features=auto, min_samples_leaf=2, min_samples_split=2, n_estimators=48
[CV 3/3; 4/64] START bootstrap=True, max_depth=2, max_features=auto, min_samples_leaf=1, min_samples_split=5, n_estimators=80
[CV 1/3; 6/64] START bootstrap=True, max_depth=2, max_features=auto, min_samples_leaf=2, min_samples_split=2, n_estimators=80
[CV 2/3; 5/64] START bootstrap=True, max_depth=2, max_features=auto, min_samples_leaf=2, min_samples_split=2, n_estimators=48
[CV 3/3; 5/64] START bootstrap=True, max_depth=2, max_features=auto, min_samples_leaf=2, min_samples_split=2, n_estimators=48
[CV 1/3; 1/64] END bootstrap=True, max_depth=2, max_features=auto, min_samples_leaf=1, min_samples_split=2, n_estimators=48;, score=0.060 total time=   4.4s
[CV 2/3; 6/64] START bootstrap=True, max_depth=2, max_features=auto, min_samples_leaf=2, min_samples_split=2, n_estimators=80
[CV 1/3; 3/64] END bootstrap=True, max_depth=2, max_features=auto, min_samples_leaf=1, min_samples_split=5, n_estimators=48;, score=0.066 total time=   4.4s
[CV 3/3; 6/64] START bootstrap=True, max_depth=2, max_features=auto, min_samples_leaf=2, min_samples_split=2, n_estimators=80
[CV 2/3; 1/64] END bootstrap=True, max_depth=2, max_features=auto, min_samples_leaf=1, min_samples_split=2, n_estimators=48;, score=0.072 total time=   5.1s
[CV 3/3; 1/64] END bootstrap=True, max_depth=2, max_features=auto, min_samples_leaf=1, min_samples_split=2, n_estimators=48;, score=0.065 total time=   5.4s
[CV 1/3; 7/64] START bootstrap=True, max_depth=2, max_features=auto, min_samples_leaf=2, min_samples_split=5, n_estimators=48      
[CV 2/3; 5/64] END bootstrap=True, max_depth=2, max_features=auto, min_samples_leaf=2, min_samples_split=2, n_estimators=48;, score=0.080 total time=   5.0s
[CV 2/3; 7/64] START bootstrap=True, max_depth=2, max_features=auto, min_samples_leaf=2, min_samples_split=5, n_estimators=48
[CV 1/3; 5/64] END bootstrap=True, max_depth=2, max_features=auto, min_samples_leaf=2, min_samples_split=2, n_estimators=48;, score=0.056 total time=   5.4s
[CV 3/3; 7/64] START bootstrap=True, max_depth=2, max_features=auto, min_samples_leaf=2, min_samples_split=5, n_estimators=48
[CV 1/3; 8/64] START bootstrap=True, max_depth=2, max_features=auto, min_samples_leaf=2, min_samples_split=5, n_estimators=80
[CV 3/3; 3/64] END bootstrap=True, max_depth=2, max_features=auto, min_samples_leaf=1, min_samples_split=5, n_estimators=48;, score=0.057 total time=   5.7s
[CV 2/3; 3/64] END bootstrap=True, max_depth=2, max_features=auto, min_samples_leaf=1, min_samples_split=5, n_estimators=48;, score=0.062 total time=   6.0s
[CV 2/3; 8/64] START bootstrap=True, max_depth=2, max_features=auto, min_samples_leaf=2, min_samples_split=5, n_estimators=80
[CV 3/3; 8/64] START bootstrap=True, max_depth=2, max_features=auto, min_samples_leaf=2, min_samples_split=5, n_estimators=80
[CV 3/3; 5/64] END bootstrap=True, max_depth=2, max_features=auto, min_samples_leaf=2, min_samples_split=2, n_estimators=48;, score=0.056 total time=   6.1s
[CV 1/3; 9/64] START bootstrap=True, max_depth=2, max_features=sqrt, min_samples_leaf=1, min_samples_split=2, n_estimators=48
[CV 3/3; 2/64] END bootstrap=True, max_depth=2, max_features=auto, min_samples_leaf=1, min_samples_split=2, n_estimators=80;, score=0.062 total time=   8.7s
[CV 2/3; 9/64] START bootstrap=True, max_depth=2, max_features=sqrt, min_samples_leaf=1, min_samples_split=2, n_estimators=48
[CV 1/3; 2/64] END bootstrap=True, max_depth=2, max_features=auto, min_samples_leaf=1, min_samples_split=2, n_estimators=80;, score=0.051 total time=   9.7s
[CV 2/3; 2/64] END bootstrap=True, max_depth=2, max_features=auto, min_samples_leaf=1, min_samples_split=2, n_estimators=80;, score=0.068 total time=  10.0s
[CV 3/3; 9/64] START bootstrap=True, max_depth=2, max_features=sqrt, min_samples_leaf=1, min_samples_split=2, n_estimators=48
[CV 1/3; 6/64] END bootstrap=True, max_depth=2, max_features=auto, min_samples_leaf=2, min_samples_split=2, n_estimators=80;, score=0.070 total time=   9.6s
[CV 3/3; 4/64] END bootstrap=True, max_depth=2, max_features=auto, min_samples_leaf=1, min_samples_split=5, n_estimators=80;, score=0.053 total time=   9.8s
[CV 1/3; 10/64] START bootstrap=True, max_depth=2, max_features=sqrt, min_samples_leaf=1, min_samples_split=2, n_estimators=80
[CV 2/3; 10/64] START bootstrap=True, max_depth=2, max_features=sqrt, min_samples_leaf=1, min_samples_split=2, n_estimators=80
[CV 2/3; 4/64] END bootstrap=True, max_depth=2, max_features=auto, min_samples_leaf=1, min_samples_split=5, n_estimators=80;, score=0.073 total time=  10.3s
[CV 3/3; 10/64] START bootstrap=True, max_depth=2, max_features=sqrt, min_samples_leaf=1, min_samples_split=2, n_estimators=80
[CV 1/3; 11/64] START bootstrap=True, max_depth=2, max_features=sqrt, min_samples_leaf=1, min_samples_split=5, n_estimators=48
[CV 1/3; 4/64] END bootstrap=True, max_depth=2, max_features=auto, min_samples_leaf=1, min_samples_split=5, n_estimators=80;, score=0.066 total time=  10.5s
[CV 3/3; 7/64] END bootstrap=True, max_depth=2, max_features=auto, min_samples_leaf=2, min_samples_split=5, n_estimators=48;, score=0.063 total time=   5.0s
[CV 2/3; 11/64] START bootstrap=True, max_depth=2, max_features=sqrt, min_samples_leaf=1, min_samples_split=5, n_estimators=48
[CV 3/3; 11/64] START bootstrap=True, max_depth=2, max_features=sqrt, min_samples_leaf=1, min_samples_split=5, n_estimators=48
[CV 2/3; 7/64] END bootstrap=True, max_depth=2, max_features=auto, min_samples_leaf=2, min_samples_split=5, n_estimators=48;, score=0.078 total time=   5.6s
[CV 1/3; 7/64] END bootstrap=True, max_depth=2, max_features=auto, min_samples_leaf=2, min_samples_split=5, n_estimators=48;, score=0.050 total time=   6.1s
[CV 1/3; 12/64] START bootstrap=True, max_depth=2, max_features=sqrt, min_samples_leaf=1, min_samples_split=5, n_estimators=80
[CV 2/3; 12/64] START bootstrap=True, max_depth=2, max_features=sqrt, min_samples_leaf=1, min_samples_split=5, n_estimators=80
[CV 1/3; 9/64] END bootstrap=True, max_depth=2, max_features=sqrt, min_samples_leaf=1, min_samples_split=2, n_estimators=48;, score=0.055 total time=   4.9s
[CV 3/3; 12/64] START bootstrap=True, max_depth=2, max_features=sqrt, min_samples_leaf=1, min_samples_split=5, n_estimators=80
[CV 1/3; 8/64] END bootstrap=True, max_depth=2, max_features=auto, min_samples_leaf=2, min_samples_split=5, n_estimators=80;, score=0.060 total time=   8.4s
[CV 3/3; 6/64] END bootstrap=True, max_depth=2, max_features=auto, min_samples_leaf=2, min_samples_split=2, n_estimators=80;, score=0.070 total time=   9.8s
[CV 1/3; 13/64] START bootstrap=True, max_depth=2, max_features=sqrt, min_samples_leaf=2, min_samples_split=2, n_estimators=48
[CV 2/3; 13/64] START bootstrap=True, max_depth=2, max_features=sqrt, min_samples_leaf=2, min_samples_split=2, n_estimators=48
[CV 2/3; 9/64] END bootstrap=True, max_depth=2, max_features=sqrt, min_samples_leaf=1, min_samples_split=2, n_estimators=48;, score=0.067 total time=   6.1s
[CV 3/3; 13/64] START bootstrap=True, max_depth=2, max_features=sqrt, min_samples_leaf=2, min_samples_split=2, n_estimators=48
[CV 2/3; 6/64] END bootstrap=True, max_depth=2, max_features=auto, min_samples_leaf=2, min_samples_split=2, n_estimators=80;, score=0.075 total time=  11.0s
[CV 1/3; 14/64] START bootstrap=True, max_depth=2, max_features=sqrt, min_samples_leaf=2, min_samples_split=2, n_estimators=80
[CV 3/3; 9/64] END bootstrap=True, max_depth=2, max_features=sqrt, min_samples_leaf=1, min_samples_split=2, n_estimators=48;, score=0.053 total time=   5.9s
[CV 3/3; 8/64] END bootstrap=True, max_depth=2, max_features=auto, min_samples_leaf=2, min_samples_split=5, n_estimators=80;, score=0.062 total time=   9.5s
[CV 2/3; 14/64] START bootstrap=True, max_depth=2, max_features=sqrt, min_samples_leaf=2, min_samples_split=2, n_estimators=80
[CV 1/3; 11/64] END bootstrap=True, max_depth=2, max_features=sqrt, min_samples_leaf=1, min_samples_split=5, n_estimators=48;, score=0.061 total time=   5.5s
[CV 3/3; 14/64] START bootstrap=True, max_depth=2, max_features=sqrt, min_samples_leaf=2, min_samples_split=2, n_estimators=80
[CV 2/3; 11/64] END bootstrap=True, max_depth=2, max_features=sqrt, min_samples_leaf=1, min_samples_split=5, n_estimators=48;, score=0.072 total time=   5.2s
[CV 1/3; 15/64] START bootstrap=True, max_depth=2, max_features=sqrt, min_samples_leaf=2, min_samples_split=5, n_estimators=48
[CV 2/3; 8/64] END bootstrap=True, max_depth=2, max_features=auto, min_samples_leaf=2, min_samples_split=5, n_estimators=80;, score=0.083 total time=  10.0s
[CV 2/3; 15/64] START bootstrap=True, max_depth=2, max_features=sqrt, min_samples_leaf=2, min_samples_split=5, n_estimators=48
[CV 3/3; 15/64] START bootstrap=True, max_depth=2, max_features=sqrt, min_samples_leaf=2, min_samples_split=5, n_estimators=48
[CV 3/3; 11/64] END bootstrap=True, max_depth=2, max_features=sqrt, min_samples_leaf=1, min_samples_split=5, n_estimators=48;, score=0.067 total time=   6.1s
[CV 1/3; 16/64] START bootstrap=True, max_depth=2, max_features=sqrt, min_samples_leaf=2, min_samples_split=5, n_estimators=80
[CV 1/3; 10/64] END bootstrap=True, max_depth=2, max_features=sqrt, min_samples_leaf=1, min_samples_split=2, n_estimators=80;, score=0.046 total time=   8.9s
[CV 2/3; 16/64] START bootstrap=True, max_depth=2, max_features=sqrt, min_samples_leaf=2, min_samples_split=5, n_estimators=80
[CV 3/3; 10/64] END bootstrap=True, max_depth=2, max_features=sqrt, min_samples_leaf=1, min_samples_split=2, n_estimators=80;, score=0.062 total time=   9.4s
[CV 2/3; 13/64] END bootstrap=True, max_depth=2, max_features=sqrt, min_samples_leaf=2, min_samples_split=2, n_estimators=48;, score=0.080 total time=   5.1s
[CV 3/3; 16/64] START bootstrap=True, max_depth=2, max_features=sqrt, min_samples_leaf=2, min_samples_split=5, n_estimators=80
[CV 1/3; 17/64] START bootstrap=True, max_depth=4, max_features=auto, min_samples_leaf=1, min_samples_split=2, n_estimators=48
[CV 2/3; 12/64] END bootstrap=True, max_depth=2, max_features=sqrt, min_samples_leaf=1, min_samples_split=5, n_estimators=80;, score=0.080 total time=   9.0s
[CV 2/3; 17/64] START bootstrap=True, max_depth=4, max_features=auto, min_samples_leaf=1, min_samples_split=2, n_estimators=48
[CV 1/3; 12/64] END bootstrap=True, max_depth=2, max_features=sqrt, min_samples_leaf=1, min_samples_split=5, n_estimators=80;, score=0.054 total time=   9.6s
[CV 3/3; 17/64] START bootstrap=True, max_depth=4, max_features=auto, min_samples_leaf=1, min_samples_split=2, n_estimators=48
[CV 2/3; 10/64] END bootstrap=True, max_depth=2, max_features=sqrt, min_samples_leaf=1, min_samples_split=2, n_estimators=80;, score=0.073 total time=  11.2s
[CV 1/3; 18/64] START bootstrap=True, max_depth=4, max_features=auto, min_samples_leaf=1, min_samples_split=2, n_estimators=80
[CV 3/3; 15/64] END bootstrap=True, max_depth=2, max_features=sqrt, min_samples_leaf=2, min_samples_split=5, n_estimators=48;, score=0.058 total time=   4.9s
[CV 1/3; 13/64] END bootstrap=True, max_depth=2, max_features=sqrt, min_samples_leaf=2, min_samples_split=2, n_estimators=48;, score=0.063 total time=   7.1s
[CV 3/3; 13/64] END bootstrap=True, max_depth=2, max_features=sqrt, min_samples_leaf=2, min_samples_split=2, n_estimators=48;, score=0.058 total time=   6.5s
[CV 2/3; 18/64] START bootstrap=True, max_depth=4, max_features=auto, min_samples_leaf=1, min_samples_split=2, n_estimators=80
[CV 3/3; 18/64] START bootstrap=True, max_depth=4, max_features=auto, min_samples_leaf=1, min_samples_split=2, n_estimators=80
[CV 1/3; 15/64] END bootstrap=True, max_depth=2, max_features=sqrt, min_samples_leaf=2, min_samples_split=5, n_estimators=48;, score=0.045 total time=   5.6s
[CV 1/3; 19/64] START bootstrap=True, max_depth=4, max_features=auto, min_samples_leaf=1, min_samples_split=5, n_estimators=48
[CV 2/3; 19/64] START bootstrap=True, max_depth=4, max_features=auto, min_samples_leaf=1, min_samples_split=5, n_estimators=48
[CV 3/3; 12/64] END bootstrap=True, max_depth=2, max_features=sqrt, min_samples_leaf=1, min_samples_split=5, n_estimators=80;, score=0.064 total time=  10.2s
[CV 2/3; 15/64] END bootstrap=True, max_depth=2, max_features=sqrt, min_samples_leaf=2, min_samples_split=5, n_estimators=48;, score=0.066 total time=   5.9s
[CV 3/3; 19/64] START bootstrap=True, max_depth=4, max_features=auto, min_samples_leaf=1, min_samples_split=5, n_estimators=48
[CV 1/3; 20/64] START bootstrap=True, max_depth=4, max_features=auto, min_samples_leaf=1, min_samples_split=5, n_estimators=80
[CV 1/3; 14/64] END bootstrap=True, max_depth=2, max_features=sqrt, min_samples_leaf=2, min_samples_split=2, n_estimators=80;, score=0.053 total time=   8.8s
[CV 2/3; 20/64] START bootstrap=True, max_depth=4, max_features=auto, min_samples_leaf=1, min_samples_split=5, n_estimators=80
[CV 3/3; 14/64] END bootstrap=True, max_depth=2, max_features=sqrt, min_samples_leaf=2, min_samples_split=2, n_estimators=80;, score=0.064 total time=   9.0s
[CV 3/3; 20/64] START bootstrap=True, max_depth=4, max_features=auto, min_samples_leaf=1, min_samples_split=5, n_estimators=80
[CV 2/3; 14/64] END bootstrap=True, max_depth=2, max_features=sqrt, min_samples_leaf=2, min_samples_split=2, n_estimators=80;, score=0.081 total time=   9.6s
[CV 1/3; 17/64] END bootstrap=True, max_depth=4, max_features=auto, min_samples_leaf=1, min_samples_split=2, n_estimators=48;, score=0.125 total time=   5.4s
[CV 1/3; 21/64] START bootstrap=True, max_depth=4, max_features=auto, min_samples_leaf=2, min_samples_split=2, n_estimators=48
[CV 2/3; 21/64] START bootstrap=True, max_depth=4, max_features=auto, min_samples_leaf=2, min_samples_split=2, n_estimators=48
[CV 2/3; 17/64] END bootstrap=True, max_depth=4, max_features=auto, min_samples_leaf=1, min_samples_split=2, n_estimators=48;, score=0.131 total time=   6.3s
[CV 3/3; 21/64] START bootstrap=True, max_depth=4, max_features=auto, min_samples_leaf=2, min_samples_split=2, n_estimators=48
[CV 3/3; 17/64] END bootstrap=True, max_depth=4, max_features=auto, min_samples_leaf=1, min_samples_split=2, n_estimators=48;, score=0.124 total time=   6.1s
[CV 2/3; 19/64] END bootstrap=True, max_depth=4, max_features=auto, min_samples_leaf=1, min_samples_split=5, n_estimators=48;, score=0.142 total time=   5.1s
[CV 1/3; 22/64] START bootstrap=True, max_depth=4, max_features=auto, min_samples_leaf=2, min_samples_split=2, n_estimators=80
[CV 2/3; 22/64] START bootstrap=True, max_depth=4, max_features=auto, min_samples_leaf=2, min_samples_split=2, n_estimators=80
[CV 1/3; 19/64] END bootstrap=True, max_depth=4, max_features=auto, min_samples_leaf=1, min_samples_split=5, n_estimators=48;, score=0.098 total time=   5.7s
[CV 1/3; 16/64] END bootstrap=True, max_depth=2, max_features=sqrt, min_samples_leaf=2, min_samples_split=5, n_estimators=80;, score=0.057 total time=  10.4s
[CV 3/3; 22/64] START bootstrap=True, max_depth=4, max_features=auto, min_samples_leaf=2, min_samples_split=2, n_estimators=80
[CV 3/3; 16/64] END bootstrap=True, max_depth=2, max_features=sqrt, min_samples_leaf=2, min_samples_split=5, n_estimators=80;, score=0.060 total time=   7.9s
[CV 1/3; 23/64] START bootstrap=True, max_depth=4, max_features=auto, min_samples_leaf=2, min_samples_split=5, n_estimators=48
[CV 2/3; 23/64] START bootstrap=True, max_depth=4, max_features=auto, min_samples_leaf=2, min_samples_split=5, n_estimators=48
[CV 3/3; 19/64] END bootstrap=True, max_depth=4, max_features=auto, min_samples_leaf=1, min_samples_split=5, n_estimators=48;, score=0.114 total time=   6.1s
[CV 3/3; 23/64] START bootstrap=True, max_depth=4, max_features=auto, min_samples_leaf=2, min_samples_split=5, n_estimators=48
[CV 2/3; 16/64] END bootstrap=True, max_depth=2, max_features=sqrt, min_samples_leaf=2, min_samples_split=5, n_estimators=80;, score=0.077 total time=   9.6s
[CV 1/3; 24/64] START bootstrap=True, max_depth=4, max_features=auto, min_samples_leaf=2, min_samples_split=5, n_estimators=80
[CV 2/3; 18/64] END bootstrap=True, max_depth=4, max_features=auto, min_samples_leaf=1, min_samples_split=2, n_estimators=80;, score=0.143 total time=   9.2s
[CV 2/3; 24/64] START bootstrap=True, max_depth=4, max_features=auto, min_samples_leaf=2, min_samples_split=5, n_estimators=80
[CV 2/3; 21/64] END bootstrap=True, max_depth=4, max_features=auto, min_samples_leaf=2, min_samples_split=2, n_estimators=48;, score=0.133 total time=   5.4s
[CV 3/3; 24/64] START bootstrap=True, max_depth=4, max_features=auto, min_samples_leaf=2, min_samples_split=5, n_estimators=80
[CV 3/3; 18/64] END bootstrap=True, max_depth=4, max_features=auto, min_samples_leaf=1, min_samples_split=2, n_estimators=80;, score=0.118 total time=   9.7s
[CV 1/3; 21/64] END bootstrap=True, max_depth=4, max_features=auto, min_samples_leaf=2, min_samples_split=2, n_estimators=48;, score=0.120 total time=   5.9s
[CV 1/3; 25/64] START bootstrap=True, max_depth=4, max_features=sqrt, min_samples_leaf=1, min_samples_split=2, n_estimators=48
[CV 2/3; 25/64] START bootstrap=True, max_depth=4, max_features=sqrt, min_samples_leaf=1, min_samples_split=2, n_estimators=48
[CV 1/3; 18/64] END bootstrap=True, max_depth=4, max_features=auto, min_samples_leaf=1, min_samples_split=2, n_estimators=80;, score=0.124 total time=  10.8s
[CV 3/3; 25/64] START bootstrap=True, max_depth=4, max_features=sqrt, min_samples_leaf=1, min_samples_split=2, n_estimators=48
[CV 1/3; 20/64] END bootstrap=True, max_depth=4, max_features=auto, min_samples_leaf=1, min_samples_split=5, n_estimators=80;, score=0.118 total time=  10.1s
[CV 3/3; 21/64] END bootstrap=True, max_depth=4, max_features=auto, min_samples_leaf=2, min_samples_split=2, n_estimators=48;, score=0.104 total time=   5.6s
[CV 1/3; 26/64] START bootstrap=True, max_depth=4, max_features=sqrt, min_samples_leaf=1, min_samples_split=2, n_estimators=80
[CV 2/3; 26/64] START bootstrap=True, max_depth=4, max_features=sqrt, min_samples_leaf=1, min_samples_split=2, n_estimators=80
[CV 1/3; 23/64] END bootstrap=True, max_depth=4, max_features=auto, min_samples_leaf=2, min_samples_split=5, n_estimators=48;, score=0.112 total time=   5.1s
[CV 3/3; 26/64] START bootstrap=True, max_depth=4, max_features=sqrt, min_samples_leaf=1, min_samples_split=2, n_estimators=80
[CV 3/3; 23/64] END bootstrap=True, max_depth=4, max_features=auto, min_samples_leaf=2, min_samples_split=5, n_estimators=48;, score=0.113 total time=   5.5s
[CV 2/3; 23/64] END bootstrap=True, max_depth=4, max_features=auto, min_samples_leaf=2, min_samples_split=5, n_estimators=48;, score=0.130 total time=   6.3s
[CV 1/3; 27/64] START bootstrap=True, max_depth=4, max_features=sqrt, min_samples_leaf=1, min_samples_split=5, n_estimators=48
[CV 2/3; 27/64] START bootstrap=True, max_depth=4, max_features=sqrt, min_samples_leaf=1, min_samples_split=5, n_estimators=48     
[CV 2/3; 20/64] END bootstrap=True, max_depth=4, max_features=auto, min_samples_leaf=1, min_samples_split=5, n_estimators=80;, score=0.132 total time=  10.6s
[CV 3/3; 27/64] START bootstrap=True, max_depth=4, max_features=sqrt, min_samples_leaf=1, min_samples_split=5, n_estimators=48
[CV 3/3; 20/64] END bootstrap=True, max_depth=4, max_features=auto, min_samples_leaf=1, min_samples_split=5, n_estimators=80;, score=0.112 total time=  10.3s
e=0.131 total time=   5.6s
[CV 3/3; 28/64] START bootstrap=True, max_depth=4, max_features=sqrt, min_samples_leaf=1, min_samples_split=5, n_estimators=80     
[CV 1/3; 29/64] START bootstrap=True, max_depth=4, max_features=sqrt, min_samples_leaf=2, min_samples_split=2, n_estimators=48     
[CV 2/3; 22/64] END bootstrap=True, max_depth=4, max_features=auto, min_samples_leaf=2, min_samples_split=2, n_estimators=80;, score=0.141 total time=  10.3s
[CV 2/3; 29/64] START bootstrap=True, max_depth=4, max_features=sqrt, min_samples_leaf=2, min_samples_split=2, n_estimators=48     
[CV 3/3; 25/64] END bootstrap=True, max_depth=4, max_features=sqrt, min_samples_leaf=1, min_samples_split=2, n_estimators=48;, score=0.119 total time=   5.7s
[CV 1/3; 22/64] END bootstrap=True, max_depth=4, max_features=auto, min_samples_leaf=2, min_samples_split=2, n_estimators=80;, score=0.125 total time=  10.9s
[CV 3/3; 29/64] START bootstrap=True, max_depth=4, max_features=sqrt, min_samples_leaf=2, min_samples_split=2, n_estimators=48     
[CV 1/3; 30/64] START bootstrap=True, max_depth=4, max_features=sqrt, min_samples_leaf=2, min_samples_split=2, n_estimators=80     
[CV 1/3; 24/64] END bootstrap=True, max_depth=4, max_features=auto, min_samples_leaf=2, min_samples_split=5, n_estimators=80;, score=0.133 total time=   9.8s
[CV 2/3; 30/64] START bootstrap=True, max_depth=4, max_features=sqrt, min_samples_leaf=2, min_samples_split=2, n_estimators=80     
[CV 2/3; 24/64] END bootstrap=True, max_depth=4, max_features=auto, min_samples_leaf=2, min_samples_split=5, n_estimators=80;, score=0.143 total time=   8.3s
[CV 3/3; 30/64] START bootstrap=True, max_depth=4, max_features=sqrt, min_samples_leaf=2, min_samples_split=2, n_estimators=80
[CV 1/3; 27/64] END bootstrap=True, max_depth=4, max_features=sqrt, min_samples_leaf=1, min_samples_split=5, n_estimators=48;, score=0.118 total time=   5.3s
[CV 1/3; 31/64] START bootstrap=True, max_depth=4, max_features=sqrt, min_samples_leaf=2, min_samples_split=5, n_estimators=48
[CV 2/3; 27/64] END bootstrap=True, max_depth=4, max_features=sqrt, min_samples_leaf=1, min_samples_split=5, n_estimators=48;, score=0.128 total time=   6.0s
[CV 3/3; 27/64] END bootstrap=True, max_depth=4, max_features=sqrt, min_samples_leaf=1, min_samples_split=5, n_estimators=48;, score=0.115 total time=   5.4s
[CV 2/3; 31/64] START bootstrap=True, max_depth=4, max_features=sqrt, min_samples_leaf=2, min_samples_split=5, n_estimators=48
[CV 3/3; 24/64] END bootstrap=True, max_depth=4, max_features=auto, min_samples_leaf=2, min_samples_split=5, n_estimators=80;, score=0.115 total time=   9.7s
[CV 3/3; 31/64] START bootstrap=True, max_depth=4, max_features=sqrt, min_samples_leaf=2, min_samples_split=5, n_estimators=48
[CV 1/3; 32/64] START bootstrap=True, max_depth=4, max_features=sqrt, min_samples_leaf=2, min_samples_split=5, n_estimators=80
[CV 2/3; 26/64] END bootstrap=True, max_depth=4, max_features=sqrt, min_samples_leaf=1, min_samples_split=2, n_estimators=80;, score=0.135 total time=   9.3s
[CV 1/3; 26/64] END bootstrap=True, max_depth=4, max_features=sqrt, min_samples_leaf=1, min_samples_split=2, n_estimators=80;, score=0.125 total time=   9.6s
[CV 2/3; 32/64] START bootstrap=True, max_depth=4, max_features=sqrt, min_samples_leaf=2, min_samples_split=5, n_estimators=80
[CV 3/3; 32/64] START bootstrap=True, max_depth=4, max_features=sqrt, min_samples_leaf=2, min_samples_split=5, n_estimators=80
[CV 3/3; 26/64] END bootstrap=True, max_depth=4, max_features=sqrt, min_samples_leaf=1, min_samples_split=2, n_estimators=80;, score=0.114 total time=  10.6s
[CV 1/3; 33/64] START bootstrap=False, max_depth=2, max_features=auto, min_samples_leaf=1, min_samples_split=2, n_estimators=48
[CV 2/3; 29/64] END bootstrap=True, max_depth=4, max_features=sqrt, min_samples_leaf=2, min_samples_split=2, n_estimators=48;, score=0.137 total time=   6.6s
[CV 1/3; 29/64] END bootstrap=True, max_depth=4, max_features=sqrt, min_samples_leaf=2, min_samples_split=2, n_estimators=48;, score=0.114 total time=   7.3s
[CV 2/3; 33/64] START bootstrap=False, max_depth=2, max_features=auto, min_samples_leaf=1, min_samples_split=2, n_estimators=48
[CV 3/3; 33/64] START bootstrap=False, max_depth=2, max_features=auto, min_samples_leaf=1, min_samples_split=2, n_estimators=48
[CV 3/3; 29/64] END bootstrap=True, max_depth=4, max_features=sqrt, min_samples_leaf=2, min_samples_split=2, n_estimators=48;, score=0.109 total time=   7.4s
[CV 1/3; 28/64] END bootstrap=True, max_depth=4, max_features=sqrt, min_samples_leaf=1, min_samples_split=5, n_estimators=80;, score=0.136 total time=  10.2s
[CV 1/3; 34/64] START bootstrap=False, max_depth=2, max_features=auto, min_samples_leaf=1, min_samples_split=2, n_estimators=80
[CV 2/3; 34/64] START bootstrap=False, max_depth=2, max_features=auto, min_samples_leaf=1, min_samples_split=2, n_estimators=80
[CV 2/3; 31/64] END bootstrap=True, max_depth=4, max_features=sqrt, min_samples_leaf=2, min_samples_split=5, n_estimators=48;, score=0.137 total time=   6.1s
[CV 3/3; 34/64] START bootstrap=False, max_depth=2, max_features=auto, min_samples_leaf=1, min_samples_split=2, n_estimators=80
[CV 2/3; 28/64] END bootstrap=True, max_depth=4, max_features=sqrt, min_samples_leaf=1, min_samples_split=5, n_estimators=80;, score=0.134 total time=  10.3s
[CV 3/3; 28/64] END bootstrap=True, max_depth=4, max_features=sqrt, min_samples_leaf=1, min_samples_split=5, n_estimators=80;, score=0.115 total time=  10.0s
[CV 1/3; 35/64] START bootstrap=False, max_depth=2, max_features=auto, min_samples_leaf=1, min_samples_split=5, n_estimators=48
[CV 2/3; 35/64] START bootstrap=False, max_depth=2, max_features=auto, min_samples_leaf=1, min_samples_split=5, n_estimators=48
[CV 1/3; 31/64] END bootstrap=True, max_depth=4, max_features=sqrt, min_samples_leaf=2, min_samples_split=5, n_estimators=48;, score=0.119 total time=   7.8s
[CV 3/3; 31/64] END bootstrap=True, max_depth=4, max_features=sqrt, min_samples_leaf=2, min_samples_split=5, n_estimators=48;, score=0.102 total time=   6.6s
[CV 3/3; 35/64] START bootstrap=False, max_depth=2, max_features=auto, min_samples_leaf=1, min_samples_split=5, n_estimators=48
[CV 1/3; 36/64] START bootstrap=False, max_depth=2, max_features=auto, min_samples_leaf=1, min_samples_split=5, n_estimators=80
[CV 1/3; 30/64] END bootstrap=True, max_depth=4, max_features=sqrt, min_samples_leaf=2, min_samples_split=2, n_estimators=80;, score=0.120 total time=   9.9s
[CV 2/3; 30/64] END bootstrap=True, max_depth=4, max_features=sqrt, min_samples_leaf=2, min_samples_split=2, n_estimators=80;, score=0.140 total time=   9.6s
[CV 2/3; 36/64] START bootstrap=False, max_depth=2, max_features=auto, min_samples_leaf=1, min_samples_split=5, n_estimators=80
[CV 3/3; 36/64] START bootstrap=False, max_depth=2, max_features=auto, min_samples_leaf=1, min_samples_split=5, n_estimators=80
[CV 1/3; 33/64] END bootstrap=False, max_depth=2, max_features=auto, min_samples_leaf=1, min_samples_split=2, n_estimators=48;, score=0.061 total time=   6.1s
[CV 1/3; 37/64] START bootstrap=False, max_depth=2, max_features=auto, min_samples_leaf=2, min_samples_split=2, n_estimators=48
[CV 2/3; 33/64] END bootstrap=False, max_depth=2, max_features=auto, min_samples_leaf=1, min_samples_split=2, n_estimators=48;, score=0.069 total time=   5.8s
[CV 2/3; 37/64] START bootstrap=False, max_depth=2, max_features=auto, min_samples_leaf=2, min_samples_split=2, n_estimators=48
[CV 3/3; 33/64] END bootstrap=False, max_depth=2, max_features=auto, min_samples_leaf=1, min_samples_split=2, n_estimators=48;, score=0.060 total time=   6.2s
[CV 3/3; 30/64] END bootstrap=True, max_depth=4, max_features=sqrt, min_samples_leaf=2, min_samples_split=2, n_estimators=80;, score=0.120 total time=  12.1s
[CV 3/3; 37/64] START bootstrap=False, max_depth=2, max_features=auto, min_samples_leaf=2, min_samples_split=2, n_estimators=48
[CV 1/3; 38/64] START bootstrap=False, max_depth=2, max_features=auto, min_samples_leaf=2, min_samples_split=2, n_estimators=80
[CV 2/3; 32/64] END bootstrap=True, max_depth=4, max_features=sqrt, min_samples_leaf=2, min_samples_split=5, n_estimators=80;, score=0.145 total time=   9.8s
[CV 1/3; 35/64] END bootstrap=False, max_depth=2, max_features=auto, min_samples_leaf=1, min_samples_split=5, n_estimators=48;, score=0.047 total time=   5.0s
[CV 1/3; 32/64] END bootstrap=True, max_depth=4, max_features=sqrt, min_samples_leaf=2, min_samples_split=5, n_estimators=80;, score=0.121 total time=  11.1s
[CV 2/3; 38/64] START bootstrap=False, max_depth=2, max_features=auto, min_samples_leaf=2, min_samples_split=2, n_estimators=80
[CV 3/3; 38/64] START bootstrap=False, max_depth=2, max_features=auto, min_samples_leaf=2, min_samples_split=2, n_estimators=80
[CV 1/3; 39/64] START bootstrap=False, max_depth=2, max_features=auto, min_samples_leaf=2, min_samples_split=5, n_estimators=48
[CV 2/3; 35/64] END bootstrap=False, max_depth=2, max_features=auto, min_samples_leaf=1, min_samples_split=5, n_estimators=48;, score=0.066 total time=   5.6s
[CV 2/3; 39/64] START bootstrap=False, max_depth=2, max_features=auto, min_samples_leaf=2, min_samples_split=5, n_estimators=48
[CV 3/3; 32/64] END bootstrap=True, max_depth=4, max_features=sqrt, min_samples_leaf=2, min_samples_split=5, n_estimators=80;, score=0.121 total time=  11.2s
[CV 3/3; 39/64] START bootstrap=False, max_depth=2, max_features=auto, min_samples_leaf=2, min_samples_split=5, n_estimators=48
[CV 3/3; 35/64] END bootstrap=False, max_depth=2, max_features=auto, min_samples_leaf=1, min_samples_split=5, n_estimators=48;, score=0.066 total time=   6.5s
[CV 1/3; 40/64] START bootstrap=False, max_depth=2, max_features=auto, min_samples_leaf=2, min_samples_split=5, n_estimators=80
[CV 2/3; 34/64] END bootstrap=False, max_depth=2, max_features=auto, min_samples_leaf=1, min_samples_split=2, n_estimators=80;, score=0.079 total time=   8.7s
[CV 2/3; 40/64] START bootstrap=False, max_depth=2, max_features=auto, min_samples_leaf=2, min_samples_split=5, n_estimators=80
[CV 1/3; 34/64] END bootstrap=False, max_depth=2, max_features=auto, min_samples_leaf=1, min_samples_split=2, n_estimators=80;, score=0.051 total time=   9.6s
[CV 3/3; 40/64] START bootstrap=False, max_depth=2, max_features=auto, min_samples_leaf=2, min_samples_split=5, n_estimators=80
[CV 1/3; 37/64] END bootstrap=False, max_depth=2, max_features=auto, min_samples_leaf=2, min_samples_split=2, n_estimators=48;, score=0.043 total time=   5.9s
[CV 1/3; 41/64] START bootstrap=False, max_depth=2, max_features=sqrt, min_samples_leaf=1, min_samples_split=2, n_estimators=48
[CV 2/3; 37/64] END bootstrap=False, max_depth=2, max_features=auto, min_samples_leaf=2, min_samples_split=2, n_estimators=48;, score=0.078 total time=   5.7s
[CV 3/3; 34/64] END bootstrap=False, max_depth=2, max_features=auto, min_samples_leaf=1, min_samples_split=2, n_estimators=80;, score=0.058 total time=   9.8s
[CV 2/3; 41/64] START bootstrap=False, max_depth=2, max_features=sqrt, min_samples_leaf=1, min_samples_split=2, n_estimators=48    
[CV 1/3; 36/64] END bootstrap=False, max_depth=2, max_features=auto, min_samples_leaf=1, min_samples_split=5, n_estimators=80;, score=0.054 total time=   8.8s
[CV 3/3; 41/64] START bootstrap=False, max_depth=2, max_features=sqrt, min_samples_leaf=1, min_samples_split=2, n_estimators=48
[CV 1/3; 42/64] START bootstrap=False, max_depth=2, max_features=sqrt, min_samples_leaf=1, min_samples_split=2, n_estimators=80
[CV 3/3; 37/64] END bootstrap=False, max_depth=2, max_features=auto, min_samples_leaf=2, min_samples_split=2, n_estimators=48;, score=0.067 total time=   5.9s
[CV 2/3; 42/64] START bootstrap=False, max_depth=2, max_features=sqrt, min_samples_leaf=1, min_samples_split=2, n_estimators=80
[CV 1/3; 39/64] END bootstrap=False, max_depth=2, max_features=auto, min_samples_leaf=2, min_samples_split=5, n_estimators=48;, score=0.053 total time=   5.6s
[CV 2/3; 36/64] END bootstrap=False, max_depth=2, max_features=auto, min_samples_leaf=1, min_samples_split=5, n_estimators=80;, score=0.067 total time=  10.1s
[CV 3/3; 42/64] START bootstrap=False, max_depth=2, max_features=sqrt, min_samples_leaf=1, min_samples_split=2, n_estimators=80
[CV 3/3; 36/64] END bootstrap=False, max_depth=2, max_features=auto, min_samples_leaf=1, min_samples_split=5, n_estimators=80;, score=0.054 total time=  10.2s
[CV 1/3; 43/64] START bootstrap=False, max_depth=2, max_features=sqrt, min_samples_leaf=1, min_samples_split=5, n_estimators=48
[CV 2/3; 43/64] START bootstrap=False, max_depth=2, max_features=sqrt, min_samples_leaf=1, min_samples_split=5, n_estimators=48
[CV 2/3; 39/64] END bootstrap=False, max_depth=2, max_features=auto, min_samples_leaf=2, min_samples_split=5, n_estimators=48;, score=0.087 total time=   5.6s
[CV 3/3; 43/64] START bootstrap=False, max_depth=2, max_features=sqrt, min_samples_leaf=1, min_samples_split=5, n_estimators=48
[CV 3/3; 39/64] END bootstrap=False, max_depth=2, max_features=auto, min_samples_leaf=2, min_samples_split=5, n_estimators=48;, score=0.059 total time=   5.7s
[CV 1/3; 44/64] START bootstrap=False, max_depth=2, max_features=sqrt, min_samples_leaf=1, min_samples_split=5, n_estimators=80
[CV 1/3; 38/64] END bootstrap=False, max_depth=2, max_features=auto, min_samples_leaf=2, min_samples_split=2, n_estimators=80;, score=0.055 total time=  10.1s
[CV 2/3; 44/64] START bootstrap=False, max_depth=2, max_features=sqrt, min_samples_leaf=1, min_samples_split=5, n_estimators=80
[CV 3/3; 41/64] END bootstrap=False, max_depth=2, max_features=sqrt, min_samples_leaf=1, min_samples_split=2, n_estimators=48;, score=0.067 total time=   4.9s
[CV 2/3; 41/64] END bootstrap=False, max_depth=2, max_features=sqrt, min_samples_leaf=1, min_samples_split=2, n_estimators=48;, score=0.066 total time=   5.2s
[CV 3/3; 44/64] START bootstrap=False, max_depth=2, max_features=sqrt, min_samples_leaf=1, min_samples_split=5, n_estimators=80
[CV 2/3; 38/64] END bootstrap=False, max_depth=2, max_features=auto, min_samples_leaf=2, min_samples_split=2, n_estimators=80;, score=0.072 total time=   9.6s
[CV 1/3; 41/64] END bootstrap=False, max_depth=2, max_features=sqrt, min_samples_leaf=1, min_samples_split=2, n_estimators=48;, score=0.051 total time=   5.9s
[CV 1/3; 45/64] START bootstrap=False, max_depth=2, max_features=sqrt, min_samples_leaf=2, min_samples_split=2, n_estimators=48
[CV 2/3; 45/64] START bootstrap=False, max_depth=2, max_features=sqrt, min_samples_leaf=2, min_samples_split=2, n_estimators=48
[CV 3/3; 45/64] START bootstrap=False, max_depth=2, max_features=sqrt, min_samples_leaf=2, min_samples_split=2, n_estimators=48
[CV 3/3; 38/64] END bootstrap=False, max_depth=2, max_features=auto, min_samples_leaf=2, min_samples_split=2, n_estimators=80;, score=0.061 total time=  10.1s
[CV 1/3; 46/64] START bootstrap=False, max_depth=2, max_features=sqrt, min_samples_leaf=2, min_samples_split=2, n_estimators=80
[CV 1/3; 40/64] END bootstrap=False, max_depth=2, max_features=auto, min_samples_leaf=2, min_samples_split=5, n_estimators=80;, score=0.056 total time=   9.0s
[CV 2/3; 46/64] START bootstrap=False, max_depth=2, max_features=sqrt, min_samples_leaf=2, min_samples_split=2, n_estimators=80
[CV 2/3; 40/64] END bootstrap=False, max_depth=2, max_features=auto, min_samples_leaf=2, min_samples_split=5, n_estimators=80;, score=0.071 total time=   9.2s
[CV 3/3; 46/64] START bootstrap=False, max_depth=2, max_features=sqrt, min_samples_leaf=2, min_samples_split=2, n_estimators=80
[CV 2/3; 43/64] END bootstrap=False, max_depth=2, max_features=sqrt, min_samples_leaf=1, min_samples_split=5, n_estimators=48;, score=0.068 total time=   5.4s
[CV 1/3; 47/64] START bootstrap=False, max_depth=2, max_features=sqrt, min_samples_leaf=2, min_samples_split=5, n_estimators=48
[CV 1/3; 43/64] END bootstrap=False, max_depth=2, max_features=sqrt, min_samples_leaf=1, min_samples_split=5, n_estimators=48;, score=0.044 total time=   5.7s
[CV 2/3; 47/64] START bootstrap=False, max_depth=2, max_features=sqrt, min_samples_leaf=2, min_samples_split=5, n_estimators=48
[CV 3/3; 40/64] END bootstrap=False, max_depth=2, max_features=auto, min_samples_leaf=2, min_samples_split=5, n_estimators=80;, score=0.064 total time=   9.2s
[CV 3/3; 43/64] END bootstrap=False, max_depth=2, max_features=sqrt, min_samples_leaf=1, min_samples_split=5, n_estimators=48;, score=0.052 total time=   5.7s
[CV 3/3; 47/64] START bootstrap=False, max_depth=2, max_features=sqrt, min_samples_leaf=2, min_samples_split=5, n_estimators=48
[CV 1/3; 48/64] START bootstrap=False, max_depth=2, max_features=sqrt, min_samples_leaf=2, min_samples_split=5, n_estimators=80
[CV 1/3; 42/64] END bootstrap=False, max_depth=2, max_features=sqrt, min_samples_leaf=1, min_samples_split=2, n_estimators=80;, score=0.052 total time=   8.6s
[CV 2/3; 48/64] START bootstrap=False, max_depth=2, max_features=sqrt, min_samples_leaf=2, min_samples_split=5, n_estimators=80
[CV 2/3; 42/64] END bootstrap=False, max_depth=2, max_features=sqrt, min_samples_leaf=1, min_samples_split=2, n_estimators=80;, score=0.075 total time=   9.3s
[CV 3/3; 48/64] START bootstrap=False, max_depth=2, max_features=sqrt, min_samples_leaf=2, min_samples_split=5, n_estimators=80
[CV 3/3; 45/64] END bootstrap=False, max_depth=2, max_features=sqrt, min_samples_leaf=2, min_samples_split=2, n_estimators=48;, score=0.050 total time=   5.0s
[CV 1/3; 49/64] START bootstrap=False, max_depth=4, max_features=auto, min_samples_leaf=1, min_samples_split=2, n_estimators=48
[CV 1/3; 45/64] END bootstrap=False, max_depth=2, max_features=sqrt, min_samples_leaf=2, min_samples_split=2, n_estimators=48;, score=0.045 total time=   5.4s
[CV 3/3; 42/64] END bootstrap=False, max_depth=2, max_features=sqrt, min_samples_leaf=1, min_samples_split=2, n_estimators=80;, score=0.061 total time=   9.2s
[CV 2/3; 49/64] START bootstrap=False, max_depth=4, max_features=auto, min_samples_leaf=1, min_samples_split=2, n_estimators=48
[CV 3/3; 49/64] START bootstrap=False, max_depth=4, max_features=auto, min_samples_leaf=1, min_samples_split=2, n_estimators=48
[CV 2/3; 45/64] END bootstrap=False, max_depth=2, max_features=sqrt, min_samples_leaf=2, min_samples_split=2, n_estimators=48;, score=0.065 total time=   5.7s
[CV 1/3; 50/64] START bootstrap=False, max_depth=4, max_features=auto, min_samples_leaf=1, min_samples_split=2, n_estimators=80
[CV 2/3; 47/64] END bootstrap=False, max_depth=2, max_features=sqrt, min_samples_leaf=2, min_samples_split=5, n_estimators=48;, score=0.071 total time=   4.9s
[CV 2/3; 50/64] START bootstrap=False, max_depth=4, max_features=auto, min_samples_leaf=1, min_samples_split=2, n_estimators=80
[CV 1/3; 44/64] END bootstrap=False, max_depth=2, max_features=sqrt, min_samples_leaf=1, min_samples_split=5, n_estimators=80;, score=0.058 total time=  10.2s
[CV 3/3; 50/64] START bootstrap=False, max_depth=4, max_features=auto, min_samples_leaf=1, min_samples_split=2, n_estimators=80
[CV 1/3; 47/64] END bootstrap=False, max_depth=2, max_features=sqrt, min_samples_leaf=2, min_samples_split=5, n_estimators=48;, score=0.055 total time=   5.5s
[CV 3/3; 47/64] END bootstrap=False, max_depth=2, max_features=sqrt, min_samples_leaf=2, min_samples_split=5, n_estimators=48;, score=0.059 total time=   5.2s
[CV 1/3; 51/64] START bootstrap=False, max_depth=4, max_features=auto, min_samples_leaf=1, min_samples_split=5, n_estimators=48
[CV 2/3; 44/64] END bootstrap=False, max_depth=2, max_features=sqrt, min_samples_leaf=1, min_samples_split=5, n_estimators=80;, score=0.073 total time=   8.5s
[CV 2/3; 51/64] START bootstrap=False, max_depth=4, max_features=auto, min_samples_leaf=1, min_samples_split=5, n_estimators=48
[CV 3/3; 51/64] START bootstrap=False, max_depth=4, max_features=auto, min_samples_leaf=1, min_samples_split=5, n_estimators=48
[CV 3/3; 44/64] END bootstrap=False, max_depth=2, max_features=sqrt, min_samples_leaf=1, min_samples_split=5, n_estimators=80;, score=0.061 total time=   9.1s
[CV 1/3; 52/64] START bootstrap=False, max_depth=4, max_features=auto, min_samples_leaf=1, min_samples_split=5, n_estimators=80
[CV 1/3; 46/64] END bootstrap=False, max_depth=2, max_features=sqrt, min_samples_leaf=2, min_samples_split=2, n_estimators=80;, score=0.061 total time=   8.7s
[CV 2/3; 52/64] START bootstrap=False, max_depth=4, max_features=auto, min_samples_leaf=1, min_samples_split=5, n_estimators=80
[CV 3/3; 46/64] END bootstrap=False, max_depth=2, max_features=sqrt, min_samples_leaf=2, min_samples_split=2, n_estimators=80;, score=0.059 total time=   8.9s
[CV 3/3; 52/64] START bootstrap=False, max_depth=4, max_features=auto, min_samples_leaf=1, min_samples_split=5, n_estimators=80
[CV 1/3; 49/64] END bootstrap=False, max_depth=4, max_features=auto, min_samples_leaf=1, min_samples_split=2, n_estimators=48;, score=0.117 total time=   5.9s
[CV 1/3; 53/64] START bootstrap=False, max_depth=4, max_features=auto, min_samples_leaf=2, min_samples_split=2, n_estimators=48
[CV 3/3; 49/64] END bootstrap=False, max_depth=4, max_features=auto, min_samples_leaf=1, min_samples_split=2, n_estimators=48;, score=0.103 total time=   5.6s
[CV 2/3; 53/64] START bootstrap=False, max_depth=4, max_features=auto, min_samples_leaf=2, min_samples_split=2, n_estimators=48
[CV 1/3; 48/64] END bootstrap=False, max_depth=2, max_features=sqrt, min_samples_leaf=2, min_samples_split=5, n_estimators=80;, score=0.064 total time=   9.0s
[CV 2/3; 46/64] END bootstrap=False, max_depth=2, max_features=sqrt, min_samples_leaf=2, min_samples_split=2, n_estimators=80;, score=0.077 total time=  10.3s
[CV 2/3; 49/64] END bootstrap=False, max_depth=4, max_features=auto, min_samples_leaf=1, min_samples_split=2, n_estimators=48;, score=0.132 total time=   6.2s
[CV 3/3; 53/64] START bootstrap=False, max_depth=4, max_features=auto, min_samples_leaf=2, min_samples_split=2, n_estimators=48
[CV 1/3; 54/64] START bootstrap=False, max_depth=4, max_features=auto, min_samples_leaf=2, min_samples_split=2, n_estimators=80
[CV 2/3; 54/64] START bootstrap=False, max_depth=4, max_features=auto, min_samples_leaf=2, min_samples_split=2, n_estimators=80
[CV 2/3; 48/64] END bootstrap=False, max_depth=2, max_features=sqrt, min_samples_leaf=2, min_samples_split=5, n_estimators=80;, score=0.078 total time=   8.9s
[CV 3/3; 54/64] START bootstrap=False, max_depth=4, max_features=auto, min_samples_leaf=2, min_samples_split=2, n_estimators=80
[CV 3/3; 51/64] END bootstrap=False, max_depth=4, max_features=auto, min_samples_leaf=1, min_samples_split=5, n_estimators=48;, score=0.111 total time=   5.1s
[CV 1/3; 55/64] START bootstrap=False, max_depth=4, max_features=auto, min_samples_leaf=2, min_samples_split=5, n_estimators=48
[CV 1/3; 51/64] END bootstrap=False, max_depth=4, max_features=auto, min_samples_leaf=1, min_samples_split=5, n_estimators=48;, score=0.115 total time=   5.6s
[CV 2/3; 55/64] START bootstrap=False, max_depth=4, max_features=auto, min_samples_leaf=2, min_samples_split=5, n_estimators=48
[CV 3/3; 48/64] END bootstrap=False, max_depth=2, max_features=sqrt, min_samples_leaf=2, min_samples_split=5, n_estimators=80;, score=0.057 total time=   9.0s
[CV 2/3; 51/64] END bootstrap=False, max_depth=4, max_features=auto, min_samples_leaf=1, min_samples_split=5, n_estimators=48;, score=0.131 total time=   5.7s
[CV 3/3; 55/64] START bootstrap=False, max_depth=4, max_features=auto, min_samples_leaf=2, min_samples_split=5, n_estimators=48
[CV 1/3; 56/64] START bootstrap=False, max_depth=4, max_features=auto, min_samples_leaf=2, min_samples_split=5, n_estimators=80    
[CV 1/3; 50/64] END bootstrap=False, max_depth=4, max_features=auto, min_samples_leaf=1, min_samples_split=2, n_estimators=80;, score=0.112 total time=   9.6s
[CV 2/3; 56/64] START bootstrap=False, max_depth=4, max_features=auto, min_samples_leaf=2, min_samples_split=5, n_estimators=80
[CV 2/3; 53/64] END bootstrap=False, max_depth=4, max_features=auto, min_samples_leaf=2, min_samples_split=2, n_estimators=48;, score=0.123 total time=   5.3s
[CV 1/3; 53/64] END bootstrap=False, max_depth=4, max_features=auto, min_samples_leaf=2, min_samples_split=2, n_estimators=48;, score=0.112 total time=   5.8s
[CV 3/3; 56/64] START bootstrap=False, max_depth=4, max_features=auto, min_samples_leaf=2, min_samples_split=5, n_estimators=80
[CV 3/3; 50/64] END bootstrap=False, max_depth=4, max_features=auto, min_samples_leaf=1, min_samples_split=2, n_estimators=80;, score=0.125 total time=   9.5s
[CV 1/3; 57/64] START bootstrap=False, max_depth=4, max_features=sqrt, min_samples_leaf=1, min_samples_split=2, n_estimators=48
[CV 2/3; 50/64] END bootstrap=False, max_depth=4, max_features=auto, min_samples_leaf=1, min_samples_split=2, n_estimators=80;, score=0.133 total time=   9.8s
[CV 2/3; 57/64] START bootstrap=False, max_depth=4, max_features=sqrt, min_samples_leaf=1, min_samples_split=2, n_estimators=48
[CV 3/3; 57/64] START bootstrap=False, max_depth=4, max_features=sqrt, min_samples_leaf=1, min_samples_split=2, n_estimators=48
[CV 3/3; 53/64] END bootstrap=False, max_depth=4, max_features=auto, min_samples_leaf=2, min_samples_split=2, n_estimators=48;, score=0.112 total time=   5.8s
[CV 1/3; 58/64] START bootstrap=False, max_depth=4, max_features=sqrt, min_samples_leaf=1, min_samples_split=2, n_estimators=80
[CV 1/3; 52/64] END bootstrap=False, max_depth=4, max_features=auto, min_samples_leaf=1, min_samples_split=5, n_estimators=80;, score=0.121 total time=   9.5s
[CV 2/3; 58/64] START bootstrap=False, max_depth=4, max_features=sqrt, min_samples_leaf=1, min_samples_split=2, n_estimators=80
[CV 1/3; 55/64] END bootstrap=False, max_depth=4, max_features=auto, min_samples_leaf=2, min_samples_split=5, n_estimators=48;, score=0.115 total time=   5.6s
[CV 3/3; 58/64] START bootstrap=False, max_depth=4, max_features=sqrt, min_samples_leaf=1, min_samples_split=2, n_estimators=80
[CV 2/3; 52/64] END bootstrap=False, max_depth=4, max_features=auto, min_samples_leaf=1, min_samples_split=5, n_estimators=80;, score=0.137 total time=  10.0s
[CV 1/3; 59/64] START bootstrap=False, max_depth=4, max_features=sqrt, min_samples_leaf=1, min_samples_split=5, n_estimators=48
[CV 2/3; 55/64] END bootstrap=False, max_depth=4, max_features=auto, min_samples_leaf=2, min_samples_split=5, n_estimators=48;, score=0.121 total time=   6.0s
[CV 2/3; 59/64] START bootstrap=False, max_depth=4, max_features=sqrt, min_samples_leaf=1, min_samples_split=5, n_estimators=48
[CV 3/3; 52/64] END bootstrap=False, max_depth=4, max_features=auto, min_samples_leaf=1, min_samples_split=5, n_estimators=80;, score=0.122 total time=   9.1s
[CV 3/3; 55/64] END bootstrap=False, max_depth=4, max_features=auto, min_samples_leaf=2, min_samples_split=5, n_estimators=48;, score=0.113 total time=   6.2s
[CV 3/3; 59/64] START bootstrap=False, max_depth=4, max_features=sqrt, min_samples_leaf=1, min_samples_split=5, n_estimators=48
[CV 1/3; 60/64] START bootstrap=False, max_depth=4, max_features=sqrt, min_samples_leaf=1, min_samples_split=5, n_estimators=80
[CV 1/3; 54/64] END bootstrap=False, max_depth=4, max_features=auto, min_samples_leaf=2, min_samples_split=2, n_estimators=80;, score=0.116 total time=   8.9s
[CV 2/3; 60/64] START bootstrap=False, max_depth=4, max_features=sqrt, min_samples_leaf=1, min_samples_split=5, n_estimators=80
[CV 2/3; 54/64] END bootstrap=False, max_depth=4, max_features=auto, min_samples_leaf=2, min_samples_split=2, n_estimators=80;, score=0.130 total time=   9.1s
[CV 3/3; 60/64] START bootstrap=False, max_depth=4, max_features=sqrt, min_samples_leaf=1, min_samples_split=5, n_estimators=80
[CV 2/3; 57/64] END bootstrap=False, max_depth=4, max_features=sqrt, min_samples_leaf=1, min_samples_split=2, n_estimators=48;, score=0.128 total time=   5.0s
[CV 3/3; 54/64] END bootstrap=False, max_depth=4, max_features=auto, min_samples_leaf=2, min_samples_split=2, n_estimators=80;, score=0.112 total time=  10.1s
[CV 1/3; 57/64] END bootstrap=False, max_depth=4, max_features=sqrt, min_samples_leaf=1, min_samples_split=2, n_estimators=48;, score=0.119 total time=   5.2s
[CV 1/3; 61/64] START bootstrap=False, max_depth=4, max_features=sqrt, min_samples_leaf=2, min_samples_split=2, n_estimators=48
[CV 2/3; 61/64] START bootstrap=False, max_depth=4, max_features=sqrt, min_samples_leaf=2, min_samples_split=2, n_estimators=48
[CV 3/3; 61/64] START bootstrap=False, max_depth=4, max_features=sqrt, min_samples_leaf=2, min_samples_split=2, n_estimators=48    
[CV 3/3; 57/64] END bootstrap=False, max_depth=4, max_features=sqrt, min_samples_leaf=1, min_samples_split=2, n_estimators=48;, score=0.116 total time=   6.0s
[CV 1/3; 62/64] START bootstrap=False, max_depth=4, max_features=sqrt, min_samples_leaf=2, min_samples_split=2, n_estimators=80
[CV 1/3; 56/64] END bootstrap=False, max_depth=4, max_features=auto, min_samples_leaf=2, min_samples_split=5, n_estimators=80;, score=0.118 total time=  10.7s
[CV 2/3; 62/64] START bootstrap=False, max_depth=4, max_features=sqrt, min_samples_leaf=2, min_samples_split=2, n_estimators=80
[CV 1/3; 59/64] END bootstrap=False, max_depth=4, max_features=sqrt, min_samples_leaf=1, min_samples_split=5, n_estimators=48;, score=0.121 total time=   5.5s
[CV 2/3; 56/64] END bootstrap=False, max_depth=4, max_features=auto, min_samples_leaf=2, min_samples_split=5, n_estimators=80;, score=0.131 total time=   9.7s
[CV 3/3; 62/64] START bootstrap=False, max_depth=4, max_features=sqrt, min_samples_leaf=2, min_samples_split=2, n_estimators=80
[CV 1/3; 63/64] START bootstrap=False, max_depth=4, max_features=sqrt, min_samples_leaf=2, min_samples_split=5, n_estimators=48
[CV 2/3; 59/64] END bootstrap=False, max_depth=4, max_features=sqrt, min_samples_leaf=1, min_samples_split=5, n_estimators=48;, score=0.132 total time=   6.0s
[CV 3/3; 56/64] END bootstrap=False, max_depth=4, max_features=auto, min_samples_leaf=2, min_samples_split=5, n_estimators=80;, score=0.118 total time=   8.8s
[CV 2/3; 63/64] START bootstrap=False, max_depth=4, max_features=sqrt, min_samples_leaf=2, min_samples_split=5, n_estimators=48
[CV 3/3; 63/64] START bootstrap=False, max_depth=4, max_features=sqrt, min_samples_leaf=2, min_samples_split=5, n_estimators=48
[CV 3/3; 59/64] END bootstrap=False, max_depth=4, max_features=sqrt, min_samples_leaf=1, min_samples_split=5, n_estimators=48;, score=0.116 total time=   6.4s
[CV 1/3; 64/64] START bootstrap=False, max_depth=4, max_features=sqrt, min_samples_leaf=2, min_samples_split=5, n_estimators=80
[CV 2/3; 58/64] END bootstrap=False, max_depth=4, max_features=sqrt, min_samples_leaf=1, min_samples_split=2, n_estimators=80;, score=0.131 total time=   9.2s
[CV 1/3; 58/64] END bootstrap=False, max_depth=4, max_features=sqrt, min_samples_leaf=1, min_samples_split=2, n_estimators=80;, score=0.118 total time=  10.0s
[CV 2/3; 64/64] START bootstrap=False, max_depth=4, max_features=sqrt, min_samples_leaf=2, min_samples_split=5, n_estimators=80
[CV 3/3; 64/64] START bootstrap=False, max_depth=4, max_features=sqrt, min_samples_leaf=2, min_samples_split=5, n_estimators=80
[CV 2/3; 61/64] END bootstrap=False, max_depth=4, max_features=sqrt, min_samples_leaf=2, min_samples_split=2, n_estimators=48;, score=0.128 total time=   5.4s
[CV 1/3; 61/64] END bootstrap=False, max_depth=4, max_features=sqrt, min_samples_leaf=2, min_samples_split=2, n_estimators=48;, score=0.121 total time=   6.0s
[CV 3/3; 61/64] END bootstrap=False, max_depth=4, max_features=sqrt, min_samples_leaf=2, min_samples_split=2, n_estimators=48;, score=0.120 total time=   5.9s
[CV 3/3; 58/64] END bootstrap=False, max_depth=4, max_features=sqrt, min_samples_leaf=1, min_samples_split=2, n_estimators=80;, score=0.110 total time=  10.1s
[CV 2/3; 60/64] END bootstrap=False, max_depth=4, max_features=sqrt, min_samples_leaf=1, min_samples_split=5, n_estimators=80;, score=0.129 total time=   9.1s
[CV 1/3; 60/64] END bootstrap=False, max_depth=4, max_features=sqrt, min_samples_leaf=1, min_samples_split=5, n_estimators=80;, score=0.111 total time=   9.9s
[CV 3/3; 60/64] END bootstrap=False, max_depth=4, max_features=sqrt, min_samples_leaf=1, min_samples_split=5, n_estimators=80;, score=0.115 total time=   9.4s
[CV 2/3; 63/64] END bootstrap=False, max_depth=4, max_features=sqrt, min_samples_leaf=2, min_samples_split=5, n_estimators=48;, score=0.131 total time=   4.8s
[CV 3/3; 63/64] END bootstrap=False, max_depth=4, max_features=sqrt, min_samples_leaf=2, min_samples_split=5, n_estimators=48;, score=0.115 total time=   4.9s
[CV 1/3; 63/64] END bootstrap=False, max_depth=4, max_features=sqrt, min_samples_leaf=2, min_samples_split=5, n_estimators=48;, score=0.115 total time=   5.8s
[CV 1/3; 62/64] END bootstrap=False, max_depth=4, max_features=sqrt, min_samples_leaf=2, min_samples_split=2, n_estimators=80;, score=0.115 total time=   8.9s
[CV 2/3; 62/64] END bootstrap=False, max_depth=4, max_features=sqrt, min_samples_leaf=2, min_samples_split=2, n_estimators=80;, score=0.130 total time=   7.7s
[CV 3/3; 62/64] END bootstrap=False, max_depth=4, max_features=sqrt, min_samples_leaf=2, min_samples_split=2, n_estimators=80;, score=0.114 total time=   7.4s
[CV 1/3; 64/64] END bootstrap=False, max_depth=4, max_features=sqrt, min_samples_leaf=2, min_samples_split=5, n_estimators=80;, score=0.110 total time=   6.4s
[CV 3/3; 64/64] END bootstrap=False, max_depth=4, max_features=sqrt, min_samples_leaf=2, min_samples_split=5, n_estimators=80;, score=0.112 total time=   5.2s
[CV 2/3; 64/64] END bootstrap=False, max_depth=4, max_features=sqrt, min_samples_leaf=2, min_samples_split=5, n_estimators=80;, score=0.131 total time=   5.3s
{'bootstrap': True, 'max_depth': 4, 'max_features': 'auto', 'min_samples_leaf': 2, 'min_samples_split': 2, 'n_estimators': 80}     
10.67 