Fitting 3 folds for each of 50 candidates, totalling 150 fits
[CV 1/3; 1/50] START C=0.1, gamma=1, kernel=linear..............................
[CV 3/3; 1/50] START C=0.1, gamma=1, kernel=linear..............................
[CV 2/3; 1/50] START C=0.1, gamma=1, kernel=linear..............................
[CV 2/3; 2/50] START C=0.1, gamma=1, kernel=rbf.................................
[CV 1/3; 3/50] START C=0.1, gamma=0.1, kernel=linear............................
[CV 3/3; 2/50] START C=0.1, gamma=1, kernel=rbf.................................
[CV 1/3; 2/50] START C=0.1, gamma=1, kernel=rbf.................................
[CV 3/3; 3/50] START C=0.1, gamma=0.1, kernel=linear............................
[CV 2/3; 3/50] START C=0.1, gamma=0.1, kernel=linear............................
[CV 1/3; 4/50] START C=0.1, gamma=0.1, kernel=rbf...............................
[CV 2/3; 4/50] START C=0.1, gamma=0.1, kernel=rbf...............................
[CV 2/3; 5/50] START C=0.1, gamma=0.01, kernel=linear...........................
[CV 1/3; 5/50] START C=0.1, gamma=0.01, kernel=linear...........................
[CV 3/3; 5/50] START C=0.1, gamma=0.01, kernel=linear...........................
[CV 3/3; 4/50] START C=0.1, gamma=0.1, kernel=rbf...............................
[CV 1/3; 6/50] START C=0.1, gamma=0.01, kernel=rbf..............................
[CV 3/3; 3/50] END C=0.1, gamma=0.1, kernel=linear;, score=0.236 total time= 2.0min
[CV 2/3; 6/50] START C=0.1, gamma=0.01, kernel=rbf..............................
[CV 1/3; 5/50] END C=0.1, gamma=0.01, kernel=linear;, score=0.228 total time= 2.1min
[CV 3/3; 6/50] START C=0.1, gamma=0.01, kernel=rbf..............................
[CV 1/3; 1/50] END C=0.1, gamma=1, kernel=linear;, score=0.228 total time= 2.1min
[CV 1/3; 7/50] START C=0.1, gamma=0.001, kernel=linear..........................
[CV 3/3; 1/50] END C=0.1, gamma=1, kernel=linear;, score=0.236 total time= 2.1min
[CV 2/3; 7/50] START C=0.1, gamma=0.001, kernel=linear..........................
[CV 2/3; 1/50] END C=0.1, gamma=1, kernel=linear;, score=0.272 total time= 2.2min
[CV 3/3; 7/50] START C=0.1, gamma=0.001, kernel=linear..........................
[CV 1/3; 3/50] END C=0.1, gamma=0.1, kernel=linear;, score=0.228 total time= 2.2min
[CV 1/3; 8/50] START C=0.1, gamma=0.001, kernel=rbf.............................
[CV 3/3; 5/50] END C=0.1, gamma=0.01, kernel=linear;, score=0.236 total time= 2.2min
[CV 2/3; 8/50] START C=0.1, gamma=0.001, kernel=rbf.............................
[CV 2/3; 5/50] END C=0.1, gamma=0.01, kernel=linear;, score=0.272 total time= 2.2min
[CV 3/3; 8/50] START C=0.1, gamma=0.001, kernel=rbf.............................
[CV 2/3; 3/50] END C=0.1, gamma=0.1, kernel=linear;, score=0.272 total time= 2.2min
[CV 1/3; 9/50] START C=0.1, gamma=0.0001, kernel=linear.........................
[CV 1/3; 4/50] END C=0.1, gamma=0.1, kernel=rbf;, score=0.161 total time= 2.4min
[CV 2/3; 9/50] START C=0.1, gamma=0.0001, kernel=linear.........................
[CV 2/3; 4/50] END C=0.1, gamma=0.1, kernel=rbf;, score=0.193 total time= 2.5min
[CV 3/3; 9/50] START C=0.1, gamma=0.0001, kernel=linear.........................
[CV 1/3; 2/50] END ..C=0.1, gamma=1, kernel=rbf;, score=0.165 total time= 2.5min
[CV 1/3; 10/50] START C=0.1, gamma=0.0001, kernel=rbf...........................
[CV 1/3; 6/50] END C=0.1, gamma=0.01, kernel=rbf;, score=0.080 total time= 2.5min
[CV 2/3; 10/50] START C=0.1, gamma=0.0001, kernel=rbf...........................
[CV 3/3; 4/50] END C=0.1, gamma=0.1, kernel=rbf;, score=0.151 total time= 2.6min
[CV 3/3; 10/50] START C=0.1, gamma=0.0001, kernel=rbf...........................
[CV 3/3; 2/50] END ..C=0.1, gamma=1, kernel=rbf;, score=0.177 total time= 2.6min
[CV 1/3; 11/50] START C=1, gamma=1, kernel=linear...............................
[CV 2/3; 2/50] END ..C=0.1, gamma=1, kernel=rbf;, score=0.200 total time= 2.6min
[CV 2/3; 11/50] START C=1, gamma=1, kernel=linear...............................
[CV 2/3; 7/50] END C=0.1, gamma=0.001, kernel=linear;, score=0.272 total time= 2.0min
[CV 3/3; 11/50] START C=1, gamma=1, kernel=linear...............................
[CV 1/3; 7/50] END C=0.1, gamma=0.001, kernel=linear;, score=0.228 total time= 2.1min
[CV 1/3; 12/50] START C=1, gamma=1, kernel=rbf..................................
[CV 3/3; 7/50] END C=0.1, gamma=0.001, kernel=linear;, score=0.236 total time= 2.1min
[CV 2/3; 12/50] START C=1, gamma=1, kernel=rbf..................................
[CV 1/3; 9/50] END C=0.1, gamma=0.0001, kernel=linear;, score=0.228 total time= 2.2min
[CV 3/3; 12/50] START C=1, gamma=1, kernel=rbf..................................
[CV 2/3; 9/50] END C=0.1, gamma=0.0001, kernel=linear;, score=0.272 total time= 2.1min
[CV 1/3; 13/50] START C=1, gamma=0.1, kernel=linear.............................
[CV 3/3; 9/50] END C=0.1, gamma=0.0001, kernel=linear;, score=0.236 total time= 2.1min
[CV 2/3; 13/50] START C=1, gamma=0.1, kernel=linear.............................
[CV 3/3; 6/50] END C=0.1, gamma=0.01, kernel=rbf;, score=0.085 total time= 2.4min
[CV 3/3; 13/50] START C=1, gamma=0.1, kernel=linear.............................
[CV 2/3; 6/50] END C=0.1, gamma=0.01, kernel=rbf;, score=0.096 total time= 2.5min
[CV 1/3; 14/50] START C=1, gamma=0.1, kernel=rbf................................
[CV 1/3; 11/50] END C=1, gamma=1, kernel=linear;, score=0.269 total time= 2.0min
[CV 2/3; 14/50] START C=1, gamma=0.1, kernel=rbf................................
[CV 1/3; 8/50] END C=0.1, gamma=0.001, kernel=rbf;, score=0.075 total time= 2.5min
[CV 3/3; 14/50] START C=1, gamma=0.1, kernel=rbf................................
[CV 2/3; 8/50] END C=0.1, gamma=0.001, kernel=rbf;, score=0.086 total time= 2.5min
[CV 1/3; 15/50] START C=1, gamma=0.01, kernel=linear............................
[CV 2/3; 11/50] END C=1, gamma=1, kernel=linear;, score=0.326 total time= 2.1min
[CV 2/3; 15/50] START C=1, gamma=0.01, kernel=linear............................
[CV 3/3; 8/50] END C=0.1, gamma=0.001, kernel=rbf;, score=0.079 total time= 2.5min
[CV 3/3; 15/50] START C=1, gamma=0.01, kernel=linear............................
[CV 1/3; 10/50] END C=0.1, gamma=0.0001, kernel=rbf;, score=0.076 total time= 2.5min
[CV 1/3; 16/50] START C=1, gamma=0.01, kernel=rbf...............................
[CV 3/3; 10/50] END C=0.1, gamma=0.0001, kernel=rbf;, score=0.078 total time= 2.5min
[CV 2/3; 16/50] START C=1, gamma=0.01, kernel=rbf...............................
[CV 2/3; 10/50] END C=0.1, gamma=0.0001, kernel=rbf;, score=0.084 total time= 2.6min
[CV 3/3; 16/50] START C=1, gamma=0.01, kernel=rbf...............................
[CV 3/3; 11/50] END C=1, gamma=1, kernel=linear;, score=0.282 total time= 2.0min
[CV 1/3; 17/50] START C=1, gamma=0.001, kernel=linear...........................
[CV 3/3; 13/50] END C=1, gamma=0.1, kernel=linear;, score=0.282 total time= 2.1min
[CV 2/3; 17/50] START C=1, gamma=0.001, kernel=linear...........................
[CV 1/3; 13/50] END C=1, gamma=0.1, kernel=linear;, score=0.269 total time= 2.2min
[CV 3/3; 17/50] START C=1, gamma=0.001, kernel=linear...........................
[CV 2/3; 13/50] END C=1, gamma=0.1, kernel=linear;, score=0.326 total time= 2.1min
[CV 1/3; 18/50] START C=1, gamma=0.001, kernel=rbf..............................
[CV 3/3; 15/50] END C=1, gamma=0.01, kernel=linear;, score=0.282 total time= 2.0min
[CV 2/3; 18/50] START C=1, gamma=0.001, kernel=rbf..............................
[CV 1/3; 15/50] END C=1, gamma=0.01, kernel=linear;, score=0.269 total time= 2.1min
[CV 3/3; 18/50] START C=1, gamma=0.001, kernel=rbf..............................
[CV 2/3; 12/50] END ...C=1, gamma=1, kernel=rbf;, score=0.341 total time= 2.6min
[CV 1/3; 19/50] START C=1, gamma=0.0001, kernel=linear..........................
[CV 1/3; 12/50] END ...C=1, gamma=1, kernel=rbf;, score=0.257 total time= 2.7min
[CV 2/3; 19/50] START C=1, gamma=0.0001, kernel=linear..........................
[CV 2/3; 15/50] END C=1, gamma=0.01, kernel=linear;, score=0.326 total time= 2.2min
[CV 3/3; 19/50] START C=1, gamma=0.0001, kernel=linear..........................
[CV 3/3; 12/50] END ...C=1, gamma=1, kernel=rbf;, score=0.277 total time= 2.5min
[CV 1/3; 20/50] START C=1, gamma=0.0001, kernel=rbf.............................
[CV 3/3; 14/50] END .C=1, gamma=0.1, kernel=rbf;, score=0.261 total time= 2.2min
[CV 2/3; 20/50] START C=1, gamma=0.0001, kernel=rbf.............................
[CV 1/3; 14/50] END .C=1, gamma=0.1, kernel=rbf;, score=0.254 total time= 2.4min
[CV 3/3; 20/50] START C=1, gamma=0.0001, kernel=rbf.............................
[CV 2/3; 14/50] END .C=1, gamma=0.1, kernel=rbf;, score=0.307 total time= 2.4min
[CV 1/3; 21/50] START C=10, gamma=1, kernel=linear..............................
[CV 1/3; 16/50] END C=1, gamma=0.01, kernel=rbf;, score=0.178 total time= 2.3min
[CV 2/3; 21/50] START C=10, gamma=1, kernel=linear..............................
[CV 2/3; 16/50] END C=1, gamma=0.01, kernel=rbf;, score=0.195 total time= 2.3min
[CV 3/3; 21/50] START C=10, gamma=1, kernel=linear..............................
[CV 3/3; 16/50] END C=1, gamma=0.01, kernel=rbf;, score=0.169 total time= 2.4min
[CV 1/3; 22/50] START C=10, gamma=1, kernel=rbf.................................
[CV 1/3; 17/50] END C=1, gamma=0.001, kernel=linear;, score=0.269 total time= 1.9min
[CV 2/3; 22/50] START C=10, gamma=1, kernel=rbf.................................
[CV 3/3; 17/50] END C=1, gamma=0.001, kernel=linear;, score=0.282 total time= 1.9min
[CV 3/3; 22/50] START C=10, gamma=1, kernel=rbf.................................
[CV 2/3; 17/50] END C=1, gamma=0.001, kernel=linear;, score=0.326 total time= 1.9min
[CV 1/3; 23/50] START C=10, gamma=0.1, kernel=linear............................
[CV 3/3; 19/50] END C=1, gamma=0.0001, kernel=linear;, score=0.282 total time= 1.9min
[CV 2/3; 23/50] START C=10, gamma=0.1, kernel=linear............................
[CV 1/3; 19/50] END C=1, gamma=0.0001, kernel=linear;, score=0.269 total time= 1.9min
[CV 3/3; 23/50] START C=10, gamma=0.1, kernel=linear............................
[CV 2/3; 19/50] END C=1, gamma=0.0001, kernel=linear;, score=0.326 total time= 2.0min
[CV 1/3; 24/50] START C=10, gamma=0.1, kernel=rbf...............................
[CV 1/3; 21/50] END C=10, gamma=1, kernel=linear;, score=0.272 total time= 2.0min
[CV 2/3; 24/50] START C=10, gamma=0.1, kernel=rbf...............................
[CV 2/3; 18/50] END C=1, gamma=0.001, kernel=rbf;, score=0.094 total time= 2.4min
[CV 3/3; 24/50] START C=10, gamma=0.1, kernel=rbf...............................
[CV 1/3; 18/50] END C=1, gamma=0.001, kernel=rbf;, score=0.083 total time= 2.5min
[CV 1/3; 25/50] START C=10, gamma=0.01, kernel=linear...........................
[CV 3/3; 18/50] END C=1, gamma=0.001, kernel=rbf;, score=0.083 total time= 2.5min
[CV 2/3; 25/50] START C=10, gamma=0.01, kernel=linear...........................
[CV 2/3; 20/50] END C=1, gamma=0.0001, kernel=rbf;, score=0.086 total time= 2.5min
[CV 3/3; 25/50] START C=10, gamma=0.01, kernel=linear...........................
[CV 1/3; 20/50] END C=1, gamma=0.0001, kernel=rbf;, score=0.076 total time= 2.5min
[CV 1/3; 26/50] START C=10, gamma=0.01, kernel=rbf..............................
[CV 2/3; 21/50] END C=10, gamma=1, kernel=linear;, score=0.341 total time= 2.1min
[CV 2/3; 26/50] START C=10, gamma=0.01, kernel=rbf..............................
[CV 3/3; 21/50] END C=10, gamma=1, kernel=linear;, score=0.297 total time= 2.0min
[CV 3/3; 26/50] START C=10, gamma=0.01, kernel=rbf..............................
[CV 3/3; 20/50] END C=1, gamma=0.0001, kernel=rbf;, score=0.078 total time= 2.5min
[CV 1/3; 27/50] START C=10, gamma=0.001, kernel=linear..........................
[CV 1/3; 22/50] END ..C=10, gamma=1, kernel=rbf;, score=0.251 total time= 2.6min
[CV 2/3; 27/50] START C=10, gamma=0.001, kernel=linear..........................
[CV 1/3; 23/50] END C=10, gamma=0.1, kernel=linear;, score=0.272 total time= 2.0min
[CV 3/3; 27/50] START C=10, gamma=0.001, kernel=linear..........................
[CV 2/3; 22/50] END ..C=10, gamma=1, kernel=rbf;, score=0.344 total time= 2.5min
[CV 1/3; 28/50] START C=10, gamma=0.001, kernel=rbf.............................
[CV 3/3; 23/50] END C=10, gamma=0.1, kernel=linear;, score=0.297 total time= 2.0min
[CV 2/3; 28/50] START C=10, gamma=0.001, kernel=rbf.............................
[CV 2/3; 23/50] END C=10, gamma=0.1, kernel=linear;, score=0.341 total time= 2.0min
[CV 3/3; 28/50] START C=10, gamma=0.001, kernel=rbf.............................
[CV 1/3; 24/50] END C=10, gamma=0.1, kernel=rbf;, score=0.286 total time= 2.2min
[CV 1/3; 29/50] START C=10, gamma=0.0001, kernel=linear.........................
[CV 3/3; 22/50] END ..C=10, gamma=1, kernel=rbf;, score=0.273 total time= 2.6min
[CV 2/3; 29/50] START C=10, gamma=0.0001, kernel=linear.........................
[CV 2/3; 24/50] END C=10, gamma=0.1, kernel=rbf;, score=0.374 total time= 2.3min
[CV 3/3; 29/50] START C=10, gamma=0.0001, kernel=linear.........................
[CV 1/3; 25/50] END C=10, gamma=0.01, kernel=linear;, score=0.272 total time= 2.1min
[CV 1/3; 30/50] START C=10, gamma=0.0001, kernel=rbf............................
[CV 3/3; 24/50] END C=10, gamma=0.1, kernel=rbf;, score=0.299 total time= 2.2min
[CV 2/3; 30/50] START C=10, gamma=0.0001, kernel=rbf............................
[CV 2/3; 25/50] END C=10, gamma=0.01, kernel=linear;, score=0.341 total time= 2.1min
[CV 3/3; 30/50] START C=10, gamma=0.0001, kernel=rbf............................
[CV 3/3; 25/50] END C=10, gamma=0.01, kernel=linear;, score=0.297 total time= 2.1min
[CV 1/3; 31/50] START C=100, gamma=1, kernel=linear.............................
[CV 1/3; 27/50] END C=10, gamma=0.001, kernel=linear;, score=0.272 total time= 2.1min
[CV 2/3; 31/50] START C=100, gamma=1, kernel=linear.............................
[CV 2/3; 26/50] END C=10, gamma=0.01, kernel=rbf;, score=0.318 total time= 2.2min
[CV 3/3; 31/50] START C=100, gamma=1, kernel=linear.............................
[CV 3/3; 26/50] END C=10, gamma=0.01, kernel=rbf;, score=0.264 total time= 2.2min
[CV 1/3; 32/50] START C=100, gamma=1, kernel=rbf................................
[CV 1/3; 26/50] END C=10, gamma=0.01, kernel=rbf;, score=0.260 total time= 2.3min
[CV 2/3; 32/50] START C=100, gamma=1, kernel=rbf................................
[CV 2/3; 27/50] END C=10, gamma=0.001, kernel=linear;, score=0.341 total time= 1.9min
[CV 3/3; 32/50] START C=100, gamma=1, kernel=rbf................................
[CV 3/3; 27/50] END C=10, gamma=0.001, kernel=linear;, score=0.297 total time= 1.8min
[CV 1/3; 33/50] START C=100, gamma=0.1, kernel=linear...........................
[CV 1/3; 28/50] END C=10, gamma=0.001, kernel=rbf;, score=0.178 total time= 2.3min
[CV 2/3; 33/50] START C=100, gamma=0.1, kernel=linear...........................
[CV 2/3; 28/50] END C=10, gamma=0.001, kernel=rbf;, score=0.198 total time= 2.1min
[CV 3/3; 33/50] START C=100, gamma=0.1, kernel=linear...........................
[CV 1/3; 29/50] END C=10, gamma=0.0001, kernel=linear;, score=0.272 total time= 1.9min
[CV 1/3; 34/50] START C=100, gamma=0.1, kernel=rbf..............................
[CV 2/3; 29/50] END C=10, gamma=0.0001, kernel=linear;, score=0.341 total time= 1.9min
[CV 2/3; 34/50] START C=100, gamma=0.1, kernel=rbf..............................
[CV 3/3; 28/50] END C=10, gamma=0.001, kernel=rbf;, score=0.170 total time= 2.2min
[CV 3/3; 34/50] START C=100, gamma=0.1, kernel=rbf..............................
[CV 3/3; 29/50] END C=10, gamma=0.0001, kernel=linear;, score=0.297 total time= 1.9min
[CV 1/3; 35/50] START C=100, gamma=0.01, kernel=linear..........................
[CV 1/3; 31/50] END C=100, gamma=1, kernel=linear;, score=0.270 total time= 2.0min
[CV 2/3; 35/50] START C=100, gamma=0.01, kernel=linear..........................
[CV 2/3; 31/50] END C=100, gamma=1, kernel=linear;, score=0.347 total time= 2.1min
[CV 3/3; 35/50] START C=100, gamma=0.01, kernel=linear..........................
[CV 1/3; 30/50] END C=10, gamma=0.0001, kernel=rbf;, score=0.084 total time= 2.4min
[CV 1/3; 36/50] START C=100, gamma=0.01, kernel=rbf.............................
[CV 3/3; 31/50] END C=100, gamma=1, kernel=linear;, score=0.296 total time= 2.1min
[CV 2/3; 36/50] START C=100, gamma=0.01, kernel=rbf.............................
[CV 3/3; 30/50] END C=10, gamma=0.0001, kernel=rbf;, score=0.083 total time= 2.4min
[CV 3/3; 36/50] START C=100, gamma=0.01, kernel=rbf.............................
[CV 2/3; 30/50] END C=10, gamma=0.0001, kernel=rbf;, score=0.094 total time= 2.4min
[CV 1/3; 37/50] START C=100, gamma=0.001, kernel=linear.........................
[CV 2/3; 32/50] END .C=100, gamma=1, kernel=rbf;, score=0.344 total time= 2.4min
[CV 2/3; 37/50] START C=100, gamma=0.001, kernel=linear.........................
[CV 1/3; 32/50] END .C=100, gamma=1, kernel=rbf;, score=0.251 total time= 2.5min
[CV 3/3; 37/50] START C=100, gamma=0.001, kernel=linear.........................
[CV 1/3; 33/50] END C=100, gamma=0.1, kernel=linear;, score=0.270 total time= 2.1min
[CV 1/3; 38/50] START C=100, gamma=0.001, kernel=rbf............................
[CV 3/3; 32/50] END .C=100, gamma=1, kernel=rbf;, score=0.272 total time= 2.6min
[CV 2/3; 38/50] START C=100, gamma=0.001, kernel=rbf............................
[CV 3/3; 33/50] END C=100, gamma=0.1, kernel=linear;, score=0.296 total time= 2.1min
[CV 3/3; 38/50] START C=100, gamma=0.001, kernel=rbf............................
[CV 1/3; 34/50] END C=100, gamma=0.1, kernel=rbf;, score=0.281 total time= 2.1min
[CV 1/3; 39/50] START C=100, gamma=0.0001, kernel=linear........................
[CV 2/3; 33/50] END C=100, gamma=0.1, kernel=linear;, score=0.347 total time= 2.3min
[CV 2/3; 39/50] START C=100, gamma=0.0001, kernel=linear........................
[CV 2/3; 34/50] END C=100, gamma=0.1, kernel=rbf;, score=0.381 total time= 2.2min
[CV 3/3; 39/50] START C=100, gamma=0.0001, kernel=linear........................
[CV 3/3; 34/50] END C=100, gamma=0.1, kernel=rbf;, score=0.299 total time= 2.2min
[CV 1/3; 40/50] START C=100, gamma=0.0001, kernel=rbf...........................
[CV 1/3; 35/50] END C=100, gamma=0.01, kernel=linear;, score=0.270 total time= 2.1min
[CV 2/3; 40/50] START C=100, gamma=0.0001, kernel=rbf...........................
[CV 3/3; 35/50] END C=100, gamma=0.01, kernel=linear;, score=0.296 total time= 2.1min
[CV 3/3; 40/50] START C=100, gamma=0.0001, kernel=rbf...........................
[CV 1/3; 36/50] END C=100, gamma=0.01, kernel=rbf;, score=0.294 total time= 2.1min
[CV 1/3; 41/50] START C=1000, gamma=1, kernel=linear............................
[CV 2/3; 35/50] END C=100, gamma=0.01, kernel=linear;, score=0.347 total time= 2.3min
[CV 2/3; 41/50] START C=1000, gamma=1, kernel=linear............................
[CV 3/3; 36/50] END C=100, gamma=0.01, kernel=rbf;, score=0.305 total time= 2.1min
[CV 3/3; 41/50] START C=1000, gamma=1, kernel=linear............................
[CV 2/3; 36/50] END C=100, gamma=0.01, kernel=rbf;, score=0.370 total time= 2.2min
[CV 1/3; 42/50] START C=1000, gamma=1, kernel=rbf...............................
[CV 1/3; 37/50] END C=100, gamma=0.001, kernel=linear;, score=0.270 total time= 2.2min
[CV 2/3; 42/50] START C=1000, gamma=1, kernel=rbf...............................
[CV 2/3; 37/50] END C=100, gamma=0.001, kernel=linear;, score=0.347 total time= 2.1min
[CV 3/3; 42/50] START C=1000, gamma=1, kernel=rbf...............................
[CV 3/3; 37/50] END C=100, gamma=0.001, kernel=linear;, score=0.296 total time= 2.0min
[CV 1/3; 43/50] START C=1000, gamma=0.1, kernel=linear..........................
[CV 1/3; 38/50] END C=100, gamma=0.001, kernel=rbf;, score=0.255 total time= 2.1min
[CV 2/3; 43/50] START C=1000, gamma=0.1, kernel=linear..........................
[CV 2/3; 38/50] END C=100, gamma=0.001, kernel=rbf;, score=0.308 total time= 2.0min
[CV 3/3; 43/50] START C=1000, gamma=0.1, kernel=linear..........................
[CV 1/3; 39/50] END C=100, gamma=0.0001, kernel=linear;, score=0.270 total time= 1.8min
[CV 1/3; 44/50] START C=1000, gamma=0.1, kernel=rbf.............................
[CV 3/3; 39/50] END C=100, gamma=0.0001, kernel=linear;, score=0.296 total time= 1.7min
[CV 2/3; 44/50] START C=1000, gamma=0.1, kernel=rbf.............................
[CV 3/3; 38/50] END C=100, gamma=0.001, kernel=rbf;, score=0.257 total time= 1.8min
[CV 3/3; 44/50] START C=1000, gamma=0.1, kernel=rbf.............................
[CV 2/3; 39/50] END C=100, gamma=0.0001, kernel=linear;, score=0.347 total time= 1.8min
[CV 1/3; 45/50] START C=1000, gamma=0.01, kernel=linear.........................
[CV 2/3; 40/50] END C=100, gamma=0.0001, kernel=rbf;, score=0.197 total time= 1.8min
[CV 2/3; 45/50] START C=1000, gamma=0.01, kernel=linear.........................
[CV 1/3; 40/50] END C=100, gamma=0.0001, kernel=rbf;, score=0.177 total time= 2.0min
[CV 3/3; 45/50] START C=1000, gamma=0.01, kernel=linear.........................
[CV 3/3; 40/50] END C=100, gamma=0.0001, kernel=rbf;, score=0.170 total time= 1.8min
[CV 1/3; 46/50] START C=1000, gamma=0.01, kernel=rbf............................
[CV 1/3; 42/50] END C=1000, gamma=1, kernel=rbf;, score=0.251 total time= 1.9min
[CV 2/3; 46/50] START C=1000, gamma=0.01, kernel=rbf............................
[CV 2/3; 42/50] END C=1000, gamma=1, kernel=rbf;, score=0.344 total time= 1.9min
[CV 3/3; 46/50] START C=1000, gamma=0.01, kernel=rbf............................
[CV 3/3; 42/50] END C=1000, gamma=1, kernel=rbf;, score=0.272 total time= 1.9min
[CV 1/3; 47/50] START C=1000, gamma=0.001, kernel=linear........................
[CV 1/3; 41/50] END C=1000, gamma=1, kernel=linear;, score=0.268 total time= 2.3min
[CV 2/3; 47/50] START C=1000, gamma=0.001, kernel=linear........................
[CV 3/3; 41/50] END C=1000, gamma=1, kernel=linear;, score=0.294 total time= 2.4min
[CV 3/3; 47/50] START C=1000, gamma=0.001, kernel=linear........................
[CV 2/3; 41/50] END C=1000, gamma=1, kernel=linear;, score=0.340 total time= 2.7min
[CV 1/3; 48/50] START C=1000, gamma=0.001, kernel=rbf...........................
[CV 1/3; 44/50] END C=1000, gamma=0.1, kernel=rbf;, score=0.277 total time= 1.7min
[CV 2/3; 48/50] START C=1000, gamma=0.001, kernel=rbf...........................
[CV 1/3; 43/50] END C=1000, gamma=0.1, kernel=linear;, score=0.268 total time= 2.4min
[CV 3/3; 48/50] START C=1000, gamma=0.001, kernel=rbf...........................
[CV 2/3; 44/50] END C=1000, gamma=0.1, kernel=rbf;, score=0.377 total time= 1.7min
[CV 1/3; 49/50] START C=1000, gamma=0.0001, kernel=linear.......................
[CV 3/3; 44/50] END C=1000, gamma=0.1, kernel=rbf;, score=0.297 total time= 1.7min
[CV 2/3; 49/50] START C=1000, gamma=0.0001, kernel=linear.......................
[CV 1/3; 46/50] END C=1000, gamma=0.01, kernel=rbf;, score=0.293 total time= 1.7min
[CV 3/3; 49/50] START C=1000, gamma=0.0001, kernel=linear.......................
[CV 3/3; 43/50] END C=1000, gamma=0.1, kernel=linear;, score=0.294 total time= 2.5min
[CV 1/3; 50/50] START C=1000, gamma=0.0001, kernel=rbf..........................
[CV 2/3; 43/50] END C=1000, gamma=0.1, kernel=linear;, score=0.340 total time= 2.8min
[CV 2/3; 50/50] START C=1000, gamma=0.0001, kernel=rbf..........................
[CV 1/3; 45/50] END C=1000, gamma=0.01, kernel=linear;, score=0.268 total time= 2.4min
[CV 3/3; 50/50] START C=1000, gamma=0.0001, kernel=rbf..........................
[CV 2/3; 46/50] END C=1000, gamma=0.01, kernel=rbf;, score=0.380 total time= 1.7min
[CV 3/3; 45/50] END C=1000, gamma=0.01, kernel=linear;, score=0.294 total time= 2.5min
[CV 3/3; 46/50] END C=1000, gamma=0.01, kernel=rbf;, score=0.308 total time= 1.7min
[CV 2/3; 45/50] END C=1000, gamma=0.01, kernel=linear;, score=0.340 total time= 2.8min
[CV 1/3; 48/50] END C=1000, gamma=0.001, kernel=rbf;, score=0.286 total time= 1.7min
[CV 3/3; 48/50] END C=1000, gamma=0.001, kernel=rbf;, score=0.300 total time= 1.7min
[CV 2/3; 48/50] END C=1000, gamma=0.001, kernel=rbf;, score=0.360 total time= 1.7min
[CV 1/3; 47/50] END C=1000, gamma=0.001, kernel=linear;, score=0.268 total time= 2.4min
[CV 3/3; 47/50] END C=1000, gamma=0.001, kernel=linear;, score=0.294 total time= 2.4min
[CV 2/3; 47/50] END C=1000, gamma=0.001, kernel=linear;, score=0.340 total time= 2.6min
[CV 1/3; 49/50] END C=1000, gamma=0.0001, kernel=linear;, score=0.268 total time= 2.1min
[CV 1/3; 50/50] END C=1000, gamma=0.0001, kernel=rbf;, score=0.247 total time= 1.5min
[CV 2/3; 50/50] END C=1000, gamma=0.0001, kernel=rbf;, score=0.300 total time= 1.5min
[CV 3/3; 50/50] END C=1000, gamma=0.0001, kernel=rbf;, score=0.256 total time= 1.4min
[CV 2/3; 49/50] END C=1000, gamma=0.0001, kernel=linear;, score=0.340 total time= 2.2min
[CV 3/3; 49/50] END C=1000, gamma=0.0001, kernel=linear;, score=0.294 total time= 1.7min
{'C': 1000, 'gamma': 0.01, 'kernel': 'rbf'}
28.77